2024-02-11 20:35:57 - generic - INFO    - Full blacklist written: 0 scanners/attackers detected
2024-02-11 20:35:57 - generic - INFO    - Weekly blacklist written: 0 scanners/attackers detected
2024-02-11 20:35:57 - generic - INFO    - Daily blacklist written: 0 scanners/attackers detected
2024-02-11 20:35:57 - generic - INFO    - Restored previous DB state - 0 unique IPs loaded
2024-02-11 20:35:57 - generic - INFO    - GenericPot starting at 0.0.0.0:161
2024-02-11 20:43:39 - generic - INFO    - Full blacklist written: 0 scanners/attackers detected
2024-02-11 20:43:39 - generic - INFO    - Weekly blacklist written: 0 scanners/attackers detected
2024-02-11 20:43:39 - generic - INFO    - Daily blacklist written: 0 scanners/attackers detected
2024-02-11 20:43:39 - generic - INFO    - Restored previous DB state - 0 unique IPs loaded
2024-02-11 20:43:39 - generic - INFO    - GenericPot starting at 0.0.0.0:161
2024-02-19 18:32:22 - generic - INFO    - Full blacklist written: 0 scanners/attackers detected
2024-02-19 18:32:22 - generic - INFO    - Weekly blacklist written: 0 scanners/attackers detected
2024-02-19 18:32:22 - generic - INFO    - Daily blacklist written: 0 scanners/attackers detected
2024-02-19 18:32:22 - generic - INFO    - Restored previous DB state - 0 unique IPs loaded
2024-02-19 18:32:22 - generic - INFO    - GenericPot starting at 0.0.0.0:161
2024-02-20 12:09:09 - generic - INFO    - Full blacklist written: 0 scanners/attackers detected
2024-02-20 12:09:09 - generic - INFO    - Weekly blacklist written: 0 scanners/attackers detected
2024-02-20 12:09:09 - generic - INFO    - Daily blacklist written: 0 scanners/attackers detected
2024-02-21 18:52:44 - generic - INFO    - Full blacklist written: 0 scanners/attackers detected
2024-02-21 18:52:44 - generic - INFO    - Weekly blacklist written: 0 scanners/attackers detected
2024-02-21 18:52:44 - generic - INFO    - Daily blacklist written: 0 scanners/attackers detected
