2024-02-11 20:35:43 - ssdp  - INFO    - Full blacklist written: 0 scanners/attackers detected
2024-02-11 20:35:43 - ssdp  - INFO    - Weekly blacklist written: 0 scanners/attackers detected
2024-02-11 20:35:43 - ssdp  - INFO    - Daily blacklist written: 0 scanners/attackers detected
2024-02-11 20:35:43 - ssdp  - INFO    - Restored previous DB state - 0 unique IPs loaded
2024-02-11 20:35:43 - ssdp  - INFO    - SSDPot started at 0.0.0.0:1900
2024-02-11 20:43:20 - ssdp  - INFO    - Full blacklist written: 0 scanners/attackers detected
2024-02-11 20:43:20 - ssdp  - INFO    - Weekly blacklist written: 0 scanners/attackers detected
2024-02-11 20:43:20 - ssdp  - INFO    - Daily blacklist written: 0 scanners/attackers detected
2024-02-11 20:43:20 - ssdp  - INFO    - Restored previous DB state - 0 unique IPs loaded
2024-02-11 20:43:20 - ssdp  - INFO    - SSDPot started at 0.0.0.0:1900
2024-02-19 18:31:37 - ssdp  - INFO    - Full blacklist written: 0 scanners/attackers detected
2024-02-19 18:31:37 - ssdp  - INFO    - Weekly blacklist written: 0 scanners/attackers detected
2024-02-19 18:31:37 - ssdp  - INFO    - Daily blacklist written: 0 scanners/attackers detected
2024-02-19 18:31:37 - ssdp  - INFO    - Restored previous DB state - 0 unique IPs loaded
2024-02-19 18:31:37 - ssdp  - INFO    - SSDPot started at 0.0.0.0:1900
2024-02-20 20:11:16 - ssdp  - INFO    - Full blacklist written: 0 scanners/attackers detected
2024-02-20 20:11:16 - ssdp  - INFO    - Weekly blacklist written: 0 scanners/attackers detected
2024-02-20 20:11:16 - ssdp  - INFO    - Daily blacklist written: 0 scanners/attackers detected
2024-02-21 18:52:44 - ssdp  - INFO    - Full blacklist written: 0 scanners/attackers detected
2024-02-21 18:52:44 - ssdp  - INFO    - Weekly blacklist written: 0 scanners/attackers detected
2024-02-21 18:52:44 - ssdp  - INFO    - Daily blacklist written: 0 scanners/attackers detected
